running egg_info
creating ../../build/soccer/soccer.egg-info
writing ../../build/soccer/soccer.egg-info/PKG-INFO
writing dependency_links to ../../build/soccer/soccer.egg-info/dependency_links.txt
writing entry points to ../../build/soccer/soccer.egg-info/entry_points.txt
writing requirements to ../../build/soccer/soccer.egg-info/requires.txt
writing top-level names to ../../build/soccer/soccer.egg-info/top_level.txt
writing manifest file '../../build/soccer/soccer.egg-info/SOURCES.txt'
reading manifest file '../../build/soccer/soccer.egg-info/SOURCES.txt'
writing manifest file '../../build/soccer/soccer.egg-info/SOURCES.txt'
running build
running build_py
creating /home/talha/dev/carSoccer/build/soccer/build
creating /home/talha/dev/carSoccer/build/soccer/build/lib
creating /home/talha/dev/carSoccer/build/soccer/build/lib/soccer
copying soccer/my_node.py -> /home/talha/dev/carSoccer/build/soccer/build/lib/soccer
copying soccer/__init__.py -> /home/talha/dev/carSoccer/build/soccer/build/lib/soccer
running install
/usr/lib/python3/dist-packages/setuptools/command/install.py:34: SetuptoolsDeprecationWarning: setup.py install is deprecated. Use build and pip and other standards-based tools.
  warnings.warn(
running install_lib
creating /home/talha/dev/carSoccer/install/soccer/lib/python3.10/site-packages/soccer
copying /home/talha/dev/carSoccer/build/soccer/build/lib/soccer/my_node.py -> /home/talha/dev/carSoccer/install/soccer/lib/python3.10/site-packages/soccer
copying /home/talha/dev/carSoccer/build/soccer/build/lib/soccer/__init__.py -> /home/talha/dev/carSoccer/install/soccer/lib/python3.10/site-packages/soccer
byte-compiling /home/talha/dev/carSoccer/install/soccer/lib/python3.10/site-packages/soccer/my_node.py to my_node.cpython-310.pyc
byte-compiling /home/talha/dev/carSoccer/install/soccer/lib/python3.10/site-packages/soccer/__init__.py to __init__.cpython-310.pyc
running install_data
creating /home/talha/dev/carSoccer/install/soccer/share/ament_index
creating /home/talha/dev/carSoccer/install/soccer/share/ament_index/resource_index
creating /home/talha/dev/carSoccer/install/soccer/share/ament_index/resource_index/packages
copying resource/soccer -> /home/talha/dev/carSoccer/install/soccer/share/ament_index/resource_index/packages
copying package.xml -> /home/talha/dev/carSoccer/install/soccer/share/soccer
running install_egg_info
Copying ../../build/soccer/soccer.egg-info to /home/talha/dev/carSoccer/install/soccer/lib/python3.10/site-packages/soccer-0.0.0-py3.10.egg-info
running install_scripts
Installing my_node script to /home/talha/dev/carSoccer/install/soccer/lib/soccer
writing list of installed files to '/home/talha/dev/carSoccer/build/soccer/install.log'
