[0.918s] Invoking command in '/home/talha/dev/carSoccer/src/soccer': CONDA_PROMPT_MODIFIER=(base) PYTHONPATH=/home/talha/dev/carSoccer/build/soccer/prefix_override:/home/talha/dev/carSoccer/install/soccer/lib/python3.10/site-packages:${PYTHONPATH} /usr/bin/python3 setup.py egg_info --egg-base ../../build/soccer build --build-base /home/talha/dev/carSoccer/build/soccer/build install --record /home/talha/dev/carSoccer/build/soccer/install.log --single-version-externally-managed
[1.286s] running egg_info
[1.287s] creating ../../build/soccer/soccer.egg-info
[1.287s] writing ../../build/soccer/soccer.egg-info/PKG-INFO
[1.287s] writing dependency_links to ../../build/soccer/soccer.egg-info/dependency_links.txt
[1.288s] writing entry points to ../../build/soccer/soccer.egg-info/entry_points.txt
[1.288s] writing requirements to ../../build/soccer/soccer.egg-info/requires.txt
[1.288s] writing top-level names to ../../build/soccer/soccer.egg-info/top_level.txt
[1.289s] writing manifest file '../../build/soccer/soccer.egg-info/SOURCES.txt'
[1.291s] reading manifest file '../../build/soccer/soccer.egg-info/SOURCES.txt'
[1.292s] writing manifest file '../../build/soccer/soccer.egg-info/SOURCES.txt'
[1.292s] running build
[1.293s] running build_py
[1.293s] creating /home/talha/dev/carSoccer/build/soccer/build
[1.293s] creating /home/talha/dev/carSoccer/build/soccer/build/lib
[1.294s] creating /home/talha/dev/carSoccer/build/soccer/build/lib/soccer
[1.294s] copying soccer/my_node.py -> /home/talha/dev/carSoccer/build/soccer/build/lib/soccer
[1.294s] copying soccer/__init__.py -> /home/talha/dev/carSoccer/build/soccer/build/lib/soccer
[1.294s] running install
[1.295s] /usr/lib/python3/dist-packages/setuptools/command/install.py:34: SetuptoolsDeprecationWarning: setup.py install is deprecated. Use build and pip and other standards-based tools.
[1.295s]   warnings.warn(
[1.295s] running install_lib
[1.296s] creating /home/talha/dev/carSoccer/install/soccer/lib/python3.10/site-packages/soccer
[1.296s] copying /home/talha/dev/carSoccer/build/soccer/build/lib/soccer/my_node.py -> /home/talha/dev/carSoccer/install/soccer/lib/python3.10/site-packages/soccer
[1.296s] copying /home/talha/dev/carSoccer/build/soccer/build/lib/soccer/__init__.py -> /home/talha/dev/carSoccer/install/soccer/lib/python3.10/site-packages/soccer
[1.297s] byte-compiling /home/talha/dev/carSoccer/install/soccer/lib/python3.10/site-packages/soccer/my_node.py to my_node.cpython-310.pyc
[1.297s] byte-compiling /home/talha/dev/carSoccer/install/soccer/lib/python3.10/site-packages/soccer/__init__.py to __init__.cpython-310.pyc
[1.298s] running install_data
[1.298s] creating /home/talha/dev/carSoccer/install/soccer/share/ament_index
[1.299s] creating /home/talha/dev/carSoccer/install/soccer/share/ament_index/resource_index
[1.299s] creating /home/talha/dev/carSoccer/install/soccer/share/ament_index/resource_index/packages
[1.299s] copying resource/soccer -> /home/talha/dev/carSoccer/install/soccer/share/ament_index/resource_index/packages
[1.299s] copying package.xml -> /home/talha/dev/carSoccer/install/soccer/share/soccer
[1.300s] running install_egg_info
[1.302s] Copying ../../build/soccer/soccer.egg-info to /home/talha/dev/carSoccer/install/soccer/lib/python3.10/site-packages/soccer-0.0.0-py3.10.egg-info
[1.303s] running install_scripts
[1.330s] Installing my_node script to /home/talha/dev/carSoccer/install/soccer/lib/soccer
[1.331s] writing list of installed files to '/home/talha/dev/carSoccer/build/soccer/install.log'
[1.366s] Invoked command in '/home/talha/dev/carSoccer/src/soccer' returned '0': CONDA_PROMPT_MODIFIER=(base) PYTHONPATH=/home/talha/dev/carSoccer/build/soccer/prefix_override:/home/talha/dev/carSoccer/install/soccer/lib/python3.10/site-packages:${PYTHONPATH} /usr/bin/python3 setup.py egg_info --egg-base ../../build/soccer build --build-base /home/talha/dev/carSoccer/build/soccer/build install --record /home/talha/dev/carSoccer/build/soccer/install.log --single-version-externally-managed
