[0.412s] DEBUG:colcon:Command line arguments: ['/usr/bin/colcon', 'build']
[0.412s] DEBUG:colcon:Parsed command line arguments: Namespace(log_base=None, log_level=None, verb_name='build', build_base='build', install_base='install', merge_install=False, symlink_install=False, test_result_base=None, continue_on_error=False, executor='parallel', parallel_workers=8, event_handlers=None, ignore_user_meta=False, metas=['./colcon.meta'], base_paths=['.'], packages_ignore=None, packages_ignore_regex=None, paths=None, packages_up_to=None, packages_up_to_regex=None, packages_above=None, packages_above_and_dependencies=None, packages_above_depth=None, packages_select_by_dep=None, packages_skip_by_dep=None, packages_skip_up_to=None, packages_select_build_failed=False, packages_skip_build_finished=False, packages_select_test_failures=False, packages_skip_test_passed=False, packages_select=None, packages_skip=None, packages_select_regex=None, packages_skip_regex=None, packages_start=None, packages_end=None, allow_overriding=[], cmake_args=None, cmake_target=None, cmake_target_skip_unavailable=False, cmake_clean_cache=False, cmake_clean_first=False, cmake_force_configure=False, ament_cmake_args=None, catkin_cmake_args=None, catkin_skip_building_tests=False, verb_parser=<colcon_defaults.argument_parser.defaults.DefaultArgumentsDecorator object at 0x7f63de1d9060>, verb_extension=<colcon_core.verb.build.BuildVerb object at 0x7f63de9d96c0>, main=<bound method BuildVerb.main of <colcon_core.verb.build.BuildVerb object at 0x7f63de9d96c0>>)
[0.457s] Level 1:colcon.colcon_core.package_discovery:discover_packages(colcon_meta) check parameters
[0.458s] Level 1:colcon.colcon_core.package_discovery:discover_packages(recursive) check parameters
[0.458s] Level 1:colcon.colcon_core.package_discovery:discover_packages(ignore) check parameters
[0.458s] Level 1:colcon.colcon_core.package_discovery:discover_packages(path) check parameters
[0.458s] Level 1:colcon.colcon_core.package_discovery:discover_packages(colcon_meta) discover
[0.458s] Level 1:colcon.colcon_core.package_discovery:discover_packages(recursive) discover
[0.458s] INFO:colcon.colcon_core.package_discovery:Crawling recursively for packages in '/home/talha/dev/carSoccer'
[0.458s] Level 1:colcon.colcon_core.package_identification:_identify(.) by extensions ['ignore', 'ignore_ament_install']
[0.458s] Level 1:colcon.colcon_core.package_identification:_identify(.) by extension 'ignore'
[0.458s] Level 1:colcon.colcon_core.package_identification:_identify(.) by extension 'ignore_ament_install'
[0.458s] Level 1:colcon.colcon_core.package_identification:_identify(.) by extensions ['colcon_pkg']
[0.458s] Level 1:colcon.colcon_core.package_identification:_identify(.) by extension 'colcon_pkg'
[0.458s] Level 1:colcon.colcon_core.package_identification:_identify(.) by extensions ['colcon_meta']
[0.458s] Level 1:colcon.colcon_core.package_identification:_identify(.) by extension 'colcon_meta'
[0.459s] Level 1:colcon.colcon_core.package_identification:_identify(.) by extensions ['ros']
[0.459s] Level 1:colcon.colcon_core.package_identification:_identify(.) by extension 'ros'
[0.476s] Level 1:colcon.colcon_core.package_identification:_identify(.) by extensions ['cmake', 'python']
[0.476s] Level 1:colcon.colcon_core.package_identification:_identify(.) by extension 'cmake'
[0.476s] Level 1:colcon.colcon_core.package_identification:_identify(.) by extension 'python'
[0.476s] Level 1:colcon.colcon_core.package_identification:_identify(.) by extensions ['python_setup_py']
[0.476s] Level 1:colcon.colcon_core.package_identification:_identify(.) by extension 'python_setup_py'
[0.476s] Level 1:colcon.colcon_core.package_identification:_identify(build) by extensions ['ignore', 'ignore_ament_install']
[0.476s] Level 1:colcon.colcon_core.package_identification:_identify(build) by extension 'ignore'
[0.477s] Level 1:colcon.colcon_core.package_identification:_identify(build) ignored
[0.477s] Level 1:colcon.colcon_core.package_identification:_identify(install) by extensions ['ignore', 'ignore_ament_install']
[0.477s] Level 1:colcon.colcon_core.package_identification:_identify(install) by extension 'ignore'
[0.477s] Level 1:colcon.colcon_core.package_identification:_identify(install) ignored
[0.477s] Level 1:colcon.colcon_core.package_identification:_identify(log) by extensions ['ignore', 'ignore_ament_install']
[0.477s] Level 1:colcon.colcon_core.package_identification:_identify(log) by extension 'ignore'
[0.477s] Level 1:colcon.colcon_core.package_identification:_identify(log) ignored
[0.478s] Level 1:colcon.colcon_core.package_identification:_identify(src) by extensions ['ignore', 'ignore_ament_install']
[0.478s] Level 1:colcon.colcon_core.package_identification:_identify(src) by extension 'ignore'
[0.478s] Level 1:colcon.colcon_core.package_identification:_identify(src) by extension 'ignore_ament_install'
[0.478s] Level 1:colcon.colcon_core.package_identification:_identify(src) by extensions ['colcon_pkg']
[0.478s] Level 1:colcon.colcon_core.package_identification:_identify(src) by extension 'colcon_pkg'
[0.478s] Level 1:colcon.colcon_core.package_identification:_identify(src) by extensions ['colcon_meta']
[0.478s] Level 1:colcon.colcon_core.package_identification:_identify(src) by extension 'colcon_meta'
[0.478s] Level 1:colcon.colcon_core.package_identification:_identify(src) by extensions ['ros']
[0.478s] Level 1:colcon.colcon_core.package_identification:_identify(src) by extension 'ros'
[0.478s] Level 1:colcon.colcon_core.package_identification:_identify(src) by extensions ['cmake', 'python']
[0.478s] Level 1:colcon.colcon_core.package_identification:_identify(src) by extension 'cmake'
[0.478s] Level 1:colcon.colcon_core.package_identification:_identify(src) by extension 'python'
[0.478s] Level 1:colcon.colcon_core.package_identification:_identify(src) by extensions ['python_setup_py']
[0.478s] Level 1:colcon.colcon_core.package_identification:_identify(src) by extension 'python_setup_py'
[0.479s] Level 1:colcon.colcon_core.package_identification:_identify(src/soccer) by extensions ['ignore', 'ignore_ament_install']
[0.479s] Level 1:colcon.colcon_core.package_identification:_identify(src/soccer) by extension 'ignore'
[0.479s] Level 1:colcon.colcon_core.package_identification:_identify(src/soccer) by extension 'ignore_ament_install'
[0.479s] Level 1:colcon.colcon_core.package_identification:_identify(src/soccer) by extensions ['colcon_pkg']
[0.479s] Level 1:colcon.colcon_core.package_identification:_identify(src/soccer) by extension 'colcon_pkg'
[0.479s] Level 1:colcon.colcon_core.package_identification:_identify(src/soccer) by extensions ['colcon_meta']
[0.479s] Level 1:colcon.colcon_core.package_identification:_identify(src/soccer) by extension 'colcon_meta'
[0.479s] Level 1:colcon.colcon_core.package_identification:_identify(src/soccer) by extensions ['ros']
[0.479s] Level 1:colcon.colcon_core.package_identification:_identify(src/soccer) by extension 'ros'
[0.483s] DEBUG:colcon.colcon_core.package_identification:Package 'src/soccer' with type 'ros.ament_python' and name 'soccer'
[0.483s] Level 1:colcon.colcon_core.package_discovery:discover_packages(recursive) using defaults
[0.483s] Level 1:colcon.colcon_core.package_discovery:discover_packages(ignore) discover
[0.483s] Level 1:colcon.colcon_core.package_discovery:discover_packages(ignore) using defaults
[0.483s] Level 1:colcon.colcon_core.package_discovery:discover_packages(path) discover
[0.483s] Level 1:colcon.colcon_core.package_discovery:discover_packages(path) using defaults
[0.518s] Level 1:colcon.colcon_core.package_discovery:discover_packages(prefix_path) check parameters
[0.518s] Level 1:colcon.colcon_core.package_discovery:discover_packages(prefix_path) discover
[0.525s] DEBUG:colcon.colcon_installed_package_information.package_discovery:Found 309 installed packages in /opt/ros/humble
[0.527s] Level 1:colcon.colcon_core.package_discovery:discover_packages(prefix_path) using defaults
[0.622s] Level 5:colcon.colcon_core.verb:set package 'soccer' build argument 'cmake_args' from command line to 'None'
[0.622s] Level 5:colcon.colcon_core.verb:set package 'soccer' build argument 'cmake_target' from command line to 'None'
[0.622s] Level 5:colcon.colcon_core.verb:set package 'soccer' build argument 'cmake_target_skip_unavailable' from command line to 'False'
[0.622s] Level 5:colcon.colcon_core.verb:set package 'soccer' build argument 'cmake_clean_cache' from command line to 'False'
[0.622s] Level 5:colcon.colcon_core.verb:set package 'soccer' build argument 'cmake_clean_first' from command line to 'False'
[0.622s] Level 5:colcon.colcon_core.verb:set package 'soccer' build argument 'cmake_force_configure' from command line to 'False'
[0.622s] Level 5:colcon.colcon_core.verb:set package 'soccer' build argument 'ament_cmake_args' from command line to 'None'
[0.622s] Level 5:colcon.colcon_core.verb:set package 'soccer' build argument 'catkin_cmake_args' from command line to 'None'
[0.622s] Level 5:colcon.colcon_core.verb:set package 'soccer' build argument 'catkin_skip_building_tests' from command line to 'False'
[0.622s] DEBUG:colcon.colcon_core.verb:Building package 'soccer' with the following arguments: {'ament_cmake_args': None, 'build_base': '/home/talha/dev/carSoccer/build/soccer', 'catkin_cmake_args': None, 'catkin_skip_building_tests': False, 'cmake_args': None, 'cmake_clean_cache': False, 'cmake_clean_first': False, 'cmake_force_configure': False, 'cmake_target': None, 'cmake_target_skip_unavailable': False, 'install_base': '/home/talha/dev/carSoccer/install/soccer', 'merge_install': False, 'path': '/home/talha/dev/carSoccer/src/soccer', 'symlink_install': False, 'test_result_base': None}
[0.623s] INFO:colcon.colcon_core.executor:Executing jobs using 'parallel' executor
[0.627s] DEBUG:colcon.colcon_parallel_executor.executor.parallel:run_until_complete
[0.627s] INFO:colcon.colcon_ros.task.ament_python.build:Building ROS package in '/home/talha/dev/carSoccer/src/soccer' with build type 'ament_python'
[0.627s] Level 1:colcon.colcon_core.shell:create_environment_hook('soccer', 'ament_prefix_path')
[0.632s] INFO:colcon.colcon_core.plugin_system:Skipping extension 'colcon_core.shell.bat': Not used on non-Windows systems
[0.632s] INFO:colcon.colcon_core.shell:Creating environment hook '/home/talha/dev/carSoccer/install/soccer/share/soccer/hook/ament_prefix_path.ps1'
[0.633s] INFO:colcon.colcon_core.shell:Creating environment descriptor '/home/talha/dev/carSoccer/install/soccer/share/soccer/hook/ament_prefix_path.dsv'
[0.633s] INFO:colcon.colcon_core.shell:Creating environment hook '/home/talha/dev/carSoccer/install/soccer/share/soccer/hook/ament_prefix_path.sh'
[0.635s] INFO:colcon.colcon_core.shell:Skip shell extension 'powershell' for command environment: Not usable outside of PowerShell
[0.635s] DEBUG:colcon.colcon_core.shell:Skip shell extension 'dsv' for command environment
[1.044s] INFO:colcon.colcon_core.task.python.build:Building Python package in '/home/talha/dev/carSoccer/src/soccer'
[1.046s] INFO:colcon.colcon_core.shell:Skip shell extension 'powershell' for command environment: Not usable outside of PowerShell
[1.046s] DEBUG:colcon.colcon_core.shell:Skip shell extension 'dsv' for command environment
[1.546s] DEBUG:colcon.colcon_core.event_handler.log_command:Invoking command in '/home/talha/dev/carSoccer/src/soccer': CONDA_PROMPT_MODIFIER=(base) PYTHONPATH=/home/talha/dev/carSoccer/build/soccer/prefix_override:/home/talha/dev/carSoccer/install/soccer/lib/python3.10/site-packages:${PYTHONPATH} /usr/bin/python3 setup.py egg_info --egg-base ../../build/soccer build --build-base /home/talha/dev/carSoccer/build/soccer/build install --record /home/talha/dev/carSoccer/build/soccer/install.log --single-version-externally-managed
[1.995s] DEBUG:colcon.colcon_core.event_handler.log_command:Invoked command in '/home/talha/dev/carSoccer/src/soccer' returned '0': CONDA_PROMPT_MODIFIER=(base) PYTHONPATH=/home/talha/dev/carSoccer/build/soccer/prefix_override:/home/talha/dev/carSoccer/install/soccer/lib/python3.10/site-packages:${PYTHONPATH} /usr/bin/python3 setup.py egg_info --egg-base ../../build/soccer build --build-base /home/talha/dev/carSoccer/build/soccer/build install --record /home/talha/dev/carSoccer/build/soccer/install.log --single-version-externally-managed
[2.001s] Level 1:colcon.colcon_core.environment:checking '/home/talha/dev/carSoccer/install/soccer' for CMake module files
[2.001s] Level 1:colcon.colcon_core.environment:checking '/home/talha/dev/carSoccer/install/soccer' for CMake config files
[2.002s] Level 1:colcon.colcon_core.environment:checking '/home/talha/dev/carSoccer/install/soccer/lib'
[2.002s] Level 1:colcon.colcon_core.environment:checking '/home/talha/dev/carSoccer/install/soccer/bin'
[2.003s] Level 1:colcon.colcon_core.environment:checking '/home/talha/dev/carSoccer/install/soccer/lib/pkgconfig/soccer.pc'
[2.003s] Level 1:colcon.colcon_core.environment:checking '/home/talha/dev/carSoccer/install/soccer/lib/python3.10/site-packages'
[2.003s] Level 1:colcon.colcon_core.shell:create_environment_hook('soccer', 'pythonpath')
[2.005s] INFO:colcon.colcon_core.shell:Creating environment hook '/home/talha/dev/carSoccer/install/soccer/share/soccer/hook/pythonpath.ps1'
[2.006s] INFO:colcon.colcon_core.shell:Creating environment descriptor '/home/talha/dev/carSoccer/install/soccer/share/soccer/hook/pythonpath.dsv'
[2.006s] INFO:colcon.colcon_core.shell:Creating environment hook '/home/talha/dev/carSoccer/install/soccer/share/soccer/hook/pythonpath.sh'
[2.007s] Level 1:colcon.colcon_core.environment:checking '/home/talha/dev/carSoccer/install/soccer/bin'
[2.007s] Level 1:colcon.colcon_core.environment:create_environment_scripts_only(soccer)
[2.010s] INFO:colcon.colcon_core.shell:Creating package script '/home/talha/dev/carSoccer/install/soccer/share/soccer/package.ps1'
[2.013s] INFO:colcon.colcon_core.shell:Creating package descriptor '/home/talha/dev/carSoccer/install/soccer/share/soccer/package.dsv'
[2.015s] INFO:colcon.colcon_core.shell:Creating package script '/home/talha/dev/carSoccer/install/soccer/share/soccer/package.sh'
[2.016s] INFO:colcon.colcon_core.shell:Creating package script '/home/talha/dev/carSoccer/install/soccer/share/soccer/package.bash'
[2.017s] INFO:colcon.colcon_core.shell:Creating package script '/home/talha/dev/carSoccer/install/soccer/share/soccer/package.zsh'
[2.018s] Level 1:colcon.colcon_core.environment:create_file_with_runtime_dependencies(/home/talha/dev/carSoccer/install/soccer/share/colcon-core/packages/soccer)
[2.019s] DEBUG:colcon.colcon_parallel_executor.executor.parallel:closing loop
[2.019s] DEBUG:colcon.colcon_parallel_executor.executor.parallel:loop closed
[2.020s] DEBUG:colcon.colcon_parallel_executor.executor.parallel:run_until_complete finished with '0'
[2.020s] DEBUG:colcon.colcon_core.event_reactor:joining thread
[2.029s] INFO:colcon.colcon_core.plugin_system:Skipping extension 'colcon_notification.desktop_notification.terminal_notifier': Not used on non-Darwin systems
[2.029s] INFO:colcon.colcon_core.plugin_system:Skipping extension 'colcon_notification.desktop_notification.win32': Not used on non-Windows systems
[2.029s] INFO:colcon.colcon_notification.desktop_notification:Sending desktop notification using 'notify2'
[2.043s] DEBUG:colcon.colcon_core.event_reactor:joined thread
[2.046s] INFO:colcon.colcon_core.shell:Creating prefix script '/home/talha/dev/carSoccer/install/local_setup.ps1'
[2.047s] INFO:colcon.colcon_core.shell:Creating prefix util module '/home/talha/dev/carSoccer/install/_local_setup_util_ps1.py'
[2.049s] INFO:colcon.colcon_core.shell:Creating prefix chain script '/home/talha/dev/carSoccer/install/setup.ps1'
[2.050s] INFO:colcon.colcon_core.shell:Creating prefix script '/home/talha/dev/carSoccer/install/local_setup.sh'
[2.051s] INFO:colcon.colcon_core.shell:Creating prefix util module '/home/talha/dev/carSoccer/install/_local_setup_util_sh.py'
[2.052s] INFO:colcon.colcon_core.shell:Creating prefix chain script '/home/talha/dev/carSoccer/install/setup.sh'
[2.054s] INFO:colcon.colcon_core.shell:Creating prefix script '/home/talha/dev/carSoccer/install/local_setup.bash'
[2.054s] INFO:colcon.colcon_core.shell:Creating prefix chain script '/home/talha/dev/carSoccer/install/setup.bash'
[2.056s] INFO:colcon.colcon_core.shell:Creating prefix script '/home/talha/dev/carSoccer/install/local_setup.zsh'
[2.057s] INFO:colcon.colcon_core.shell:Creating prefix chain script '/home/talha/dev/carSoccer/install/setup.zsh'
