[0.754s] Invoking command in '/home/talha/dev/carSoccer/src/soccer': CONDA_PROMPT_MODIFIER=(base) PYTHONPATH=/home/talha/dev/carSoccer/build/soccer/prefix_override:/home/talha/dev/carSoccer/install/soccer/lib/python3.10/site-packages:${PYTHONPATH} /usr/bin/python3 setup.py egg_info --egg-base ../../build/soccer build --build-base /home/talha/dev/carSoccer/build/soccer/build install --record /home/talha/dev/carSoccer/build/soccer/install.log --single-version-externally-managed
[1.050s] running egg_info
[1.051s] writing ../../build/soccer/soccer.egg-info/PKG-INFO
[1.051s] writing dependency_links to ../../build/soccer/soccer.egg-info/dependency_links.txt
[1.052s] writing entry points to ../../build/soccer/soccer.egg-info/entry_points.txt
[1.052s] writing requirements to ../../build/soccer/soccer.egg-info/requires.txt
[1.052s] writing top-level names to ../../build/soccer/soccer.egg-info/top_level.txt
[1.054s] reading manifest file '../../build/soccer/soccer.egg-info/SOURCES.txt'
[1.055s] writing manifest file '../../build/soccer/soccer.egg-info/SOURCES.txt'
[1.056s] running build
[1.056s] running build_py
[1.056s] copying soccer/soccer.py -> /home/talha/dev/carSoccer/build/soccer/build/lib/soccer
[1.057s] copying soccer/__init__.py -> /home/talha/dev/carSoccer/build/soccer/build/lib/soccer
[1.057s] running install
[1.057s] /usr/lib/python3/dist-packages/setuptools/command/install.py:34: SetuptoolsDeprecationWarning: setup.py install is deprecated. Use build and pip and other standards-based tools.
[1.057s]   warnings.warn(
[1.057s] running install_lib
[1.059s] copying /home/talha/dev/carSoccer/build/soccer/build/lib/soccer/soccer.py -> /home/talha/dev/carSoccer/install/soccer/lib/python3.10/site-packages/soccer
[1.059s] copying /home/talha/dev/carSoccer/build/soccer/build/lib/soccer/__init__.py -> /home/talha/dev/carSoccer/install/soccer/lib/python3.10/site-packages/soccer
[1.060s] byte-compiling /home/talha/dev/carSoccer/install/soccer/lib/python3.10/site-packages/soccer/soccer.py to soccer.cpython-310.pyc
[1.060s] byte-compiling /home/talha/dev/carSoccer/install/soccer/lib/python3.10/site-packages/soccer/__init__.py to __init__.cpython-310.pyc
[1.061s] running install_data
[1.062s] copying resource/soccer -> /home/talha/dev/carSoccer/install/soccer/share/ament_index/resource_index/packages
[1.062s] copying package.xml -> /home/talha/dev/carSoccer/install/soccer/share/soccer
[1.062s] running install_egg_info
[1.064s] removing '/home/talha/dev/carSoccer/install/soccer/lib/python3.10/site-packages/soccer-0.0.0-py3.10.egg-info' (and everything under it)
[1.065s] Copying ../../build/soccer/soccer.egg-info to /home/talha/dev/carSoccer/install/soccer/lib/python3.10/site-packages/soccer-0.0.0-py3.10.egg-info
[1.066s] running install_scripts
[1.090s] Installing soccer script to /home/talha/dev/carSoccer/install/soccer/lib/soccer
[1.090s] writing list of installed files to '/home/talha/dev/carSoccer/build/soccer/install.log'
[1.120s] Invoked command in '/home/talha/dev/carSoccer/src/soccer' returned '0': CONDA_PROMPT_MODIFIER=(base) PYTHONPATH=/home/talha/dev/carSoccer/build/soccer/prefix_override:/home/talha/dev/carSoccer/install/soccer/lib/python3.10/site-packages:${PYTHONPATH} /usr/bin/python3 setup.py egg_info --egg-base ../../build/soccer build --build-base /home/talha/dev/carSoccer/build/soccer/build install --record /home/talha/dev/carSoccer/build/soccer/install.log --single-version-externally-managed
