[0.778s] Invoking command in '/home/talha/dev/carSoccer/src/soccer': CONDA_PROMPT_MODIFIER=(base) PYTHONPATH=/home/talha/dev/carSoccer/build/soccer/prefix_override:/home/talha/dev/carSoccer/install/soccer/lib/python3.10/site-packages:${PYTHONPATH} /usr/bin/python3 setup.py egg_info --egg-base ../../build/soccer build --build-base /home/talha/dev/carSoccer/build/soccer/build install --record /home/talha/dev/carSoccer/build/soccer/install.log --single-version-externally-managed
[1.075s] running egg_info
[1.076s] writing ../../build/soccer/soccer.egg-info/PKG-INFO
[1.076s] writing dependency_links to ../../build/soccer/soccer.egg-info/dependency_links.txt
[1.077s] writing entry points to ../../build/soccer/soccer.egg-info/entry_points.txt
[1.077s] writing requirements to ../../build/soccer/soccer.egg-info/requires.txt
[1.077s] writing top-level names to ../../build/soccer/soccer.egg-info/top_level.txt
[1.079s] reading manifest file '../../build/soccer/soccer.egg-info/SOURCES.txt'
[1.081s] writing manifest file '../../build/soccer/soccer.egg-info/SOURCES.txt'
[1.081s] running build
[1.081s] running build_py
[1.081s] running install
[1.081s] /usr/lib/python3/dist-packages/setuptools/command/install.py:34: SetuptoolsDeprecationWarning: setup.py install is deprecated. Use build and pip and other standards-based tools.
[1.082s]   warnings.warn(
[1.082s] running install_lib
[1.083s] running install_data
[1.084s] running install_egg_info
[1.086s] removing '/home/talha/dev/carSoccer/install/soccer/lib/python3.10/site-packages/soccer-0.0.0-py3.10.egg-info' (and everything under it)
[1.087s] Copying ../../build/soccer/soccer.egg-info to /home/talha/dev/carSoccer/install/soccer/lib/python3.10/site-packages/soccer-0.0.0-py3.10.egg-info
[1.088s] running install_scripts
[1.112s] Installing soccer script to /home/talha/dev/carSoccer/install/soccer/lib/soccer
[1.112s] writing list of installed files to '/home/talha/dev/carSoccer/build/soccer/install.log'
[1.139s] Invoked command in '/home/talha/dev/carSoccer/src/soccer' returned '0': CONDA_PROMPT_MODIFIER=(base) PYTHONPATH=/home/talha/dev/carSoccer/build/soccer/prefix_override:/home/talha/dev/carSoccer/install/soccer/lib/python3.10/site-packages:${PYTHONPATH} /usr/bin/python3 setup.py egg_info --egg-base ../../build/soccer build --build-base /home/talha/dev/carSoccer/build/soccer/build install --record /home/talha/dev/carSoccer/build/soccer/install.log --single-version-externally-managed
