[0.373s] DEBUG:colcon:Command line arguments: ['/usr/bin/colcon', 'build']
[0.373s] DEBUG:colcon:Parsed command line arguments: Namespace(log_base=None, log_level=None, verb_name='build', build_base='build', install_base='install', merge_install=False, symlink_install=False, test_result_base=None, continue_on_error=False, executor='parallel', parallel_workers=8, event_handlers=None, ignore_user_meta=False, metas=['./colcon.meta'], base_paths=['.'], packages_ignore=None, packages_ignore_regex=None, paths=None, packages_up_to=None, packages_up_to_regex=None, packages_above=None, packages_above_and_dependencies=None, packages_above_depth=None, packages_select_by_dep=None, packages_skip_by_dep=None, packages_skip_up_to=None, packages_select_build_failed=False, packages_skip_build_finished=False, packages_select_test_failures=False, packages_skip_test_passed=False, packages_select=None, packages_skip=None, packages_select_regex=None, packages_skip_regex=None, packages_start=None, packages_end=None, allow_overriding=[], cmake_args=None, cmake_target=None, cmake_target_skip_unavailable=False, cmake_clean_cache=False, cmake_clean_first=False, cmake_force_configure=False, ament_cmake_args=None, catkin_cmake_args=None, catkin_skip_building_tests=False, verb_parser=<colcon_defaults.argument_parser.defaults.DefaultArgumentsDecorator object at 0x7fca267d1450>, verb_extension=<colcon_core.verb.build.BuildVerb object at 0x7fca26fb4550>, main=<bound method BuildVerb.main of <colcon_core.verb.build.BuildVerb object at 0x7fca26fb4550>>)
[0.407s] Level 1:colcon.colcon_core.package_discovery:discover_packages(colcon_meta) check parameters
[0.407s] Level 1:colcon.colcon_core.package_discovery:discover_packages(recursive) check parameters
[0.407s] Level 1:colcon.colcon_core.package_discovery:discover_packages(ignore) check parameters
[0.407s] Level 1:colcon.colcon_core.package_discovery:discover_packages(path) check parameters
[0.407s] Level 1:colcon.colcon_core.package_discovery:discover_packages(colcon_meta) discover
[0.407s] Level 1:colcon.colcon_core.package_discovery:discover_packages(recursive) discover
[0.407s] INFO:colcon.colcon_core.package_discovery:Crawling recursively for packages in '/home/talha/dev/carSoccer'
[0.407s] Level 1:colcon.colcon_core.package_identification:_identify(.) by extensions ['ignore', 'ignore_ament_install']
[0.407s] Level 1:colcon.colcon_core.package_identification:_identify(.) by extension 'ignore'
[0.407s] Level 1:colcon.colcon_core.package_identification:_identify(.) by extension 'ignore_ament_install'
[0.407s] Level 1:colcon.colcon_core.package_identification:_identify(.) by extensions ['colcon_pkg']
[0.407s] Level 1:colcon.colcon_core.package_identification:_identify(.) by extension 'colcon_pkg'
[0.407s] Level 1:colcon.colcon_core.package_identification:_identify(.) by extensions ['colcon_meta']
[0.407s] Level 1:colcon.colcon_core.package_identification:_identify(.) by extension 'colcon_meta'
[0.408s] Level 1:colcon.colcon_core.package_identification:_identify(.) by extensions ['ros']
[0.408s] Level 1:colcon.colcon_core.package_identification:_identify(.) by extension 'ros'
[0.420s] Level 1:colcon.colcon_core.package_identification:_identify(.) by extensions ['cmake', 'python']
[0.420s] Level 1:colcon.colcon_core.package_identification:_identify(.) by extension 'cmake'
[0.421s] Level 1:colcon.colcon_core.package_identification:_identify(.) by extension 'python'
[0.421s] Level 1:colcon.colcon_core.package_identification:_identify(.) by extensions ['python_setup_py']
[0.421s] Level 1:colcon.colcon_core.package_identification:_identify(.) by extension 'python_setup_py'
[0.421s] Level 1:colcon.colcon_core.package_identification:_identify(build) by extensions ['ignore', 'ignore_ament_install']
[0.421s] Level 1:colcon.colcon_core.package_identification:_identify(build) by extension 'ignore'
[0.421s] Level 1:colcon.colcon_core.package_identification:_identify(build) ignored
[0.421s] Level 1:colcon.colcon_core.package_identification:_identify(install) by extensions ['ignore', 'ignore_ament_install']
[0.421s] Level 1:colcon.colcon_core.package_identification:_identify(install) by extension 'ignore'
[0.421s] Level 1:colcon.colcon_core.package_identification:_identify(install) ignored
[0.421s] Level 1:colcon.colcon_core.package_identification:_identify(log) by extensions ['ignore', 'ignore_ament_install']
[0.422s] Level 1:colcon.colcon_core.package_identification:_identify(log) by extension 'ignore'
[0.422s] Level 1:colcon.colcon_core.package_identification:_identify(log) ignored
[0.422s] Level 1:colcon.colcon_core.package_identification:_identify(src) by extensions ['ignore', 'ignore_ament_install']
[0.422s] Level 1:colcon.colcon_core.package_identification:_identify(src) by extension 'ignore'
[0.422s] Level 1:colcon.colcon_core.package_identification:_identify(src) by extension 'ignore_ament_install'
[0.422s] Level 1:colcon.colcon_core.package_identification:_identify(src) by extensions ['colcon_pkg']
[0.422s] Level 1:colcon.colcon_core.package_identification:_identify(src) by extension 'colcon_pkg'
[0.422s] Level 1:colcon.colcon_core.package_identification:_identify(src) by extensions ['colcon_meta']
[0.422s] Level 1:colcon.colcon_core.package_identification:_identify(src) by extension 'colcon_meta'
[0.422s] Level 1:colcon.colcon_core.package_identification:_identify(src) by extensions ['ros']
[0.422s] Level 1:colcon.colcon_core.package_identification:_identify(src) by extension 'ros'
[0.422s] Level 1:colcon.colcon_core.package_identification:_identify(src) by extensions ['cmake', 'python']
[0.422s] Level 1:colcon.colcon_core.package_identification:_identify(src) by extension 'cmake'
[0.422s] Level 1:colcon.colcon_core.package_identification:_identify(src) by extension 'python'
[0.422s] Level 1:colcon.colcon_core.package_identification:_identify(src) by extensions ['python_setup_py']
[0.422s] Level 1:colcon.colcon_core.package_identification:_identify(src) by extension 'python_setup_py'
[0.422s] Level 1:colcon.colcon_core.package_identification:_identify(src/soccer) by extensions ['ignore', 'ignore_ament_install']
[0.423s] Level 1:colcon.colcon_core.package_identification:_identify(src/soccer) by extension 'ignore'
[0.423s] Level 1:colcon.colcon_core.package_identification:_identify(src/soccer) by extension 'ignore_ament_install'
[0.423s] Level 1:colcon.colcon_core.package_identification:_identify(src/soccer) by extensions ['colcon_pkg']
[0.423s] Level 1:colcon.colcon_core.package_identification:_identify(src/soccer) by extension 'colcon_pkg'
[0.423s] Level 1:colcon.colcon_core.package_identification:_identify(src/soccer) by extensions ['colcon_meta']
[0.423s] Level 1:colcon.colcon_core.package_identification:_identify(src/soccer) by extension 'colcon_meta'
[0.423s] Level 1:colcon.colcon_core.package_identification:_identify(src/soccer) by extensions ['ros']
[0.423s] Level 1:colcon.colcon_core.package_identification:_identify(src/soccer) by extension 'ros'
[0.425s] DEBUG:colcon.colcon_core.package_identification:Package 'src/soccer' with type 'ros.ament_python' and name 'soccer'
[0.425s] Level 1:colcon.colcon_core.package_discovery:discover_packages(recursive) using defaults
[0.425s] Level 1:colcon.colcon_core.package_discovery:discover_packages(ignore) discover
[0.426s] Level 1:colcon.colcon_core.package_discovery:discover_packages(ignore) using defaults
[0.426s] Level 1:colcon.colcon_core.package_discovery:discover_packages(path) discover
[0.426s] Level 1:colcon.colcon_core.package_discovery:discover_packages(path) using defaults
[0.452s] Level 1:colcon.colcon_core.package_discovery:discover_packages(prefix_path) check parameters
[0.452s] Level 1:colcon.colcon_core.package_discovery:discover_packages(prefix_path) discover
[0.455s] DEBUG:colcon.colcon_installed_package_information.package_discovery:Found 1 installed packages in /home/talha/dev/carSoccer/install
[0.457s] DEBUG:colcon.colcon_installed_package_information.package_discovery:Found 309 installed packages in /opt/ros/humble
[0.459s] Level 1:colcon.colcon_core.package_discovery:discover_packages(prefix_path) using defaults
[0.541s] Level 5:colcon.colcon_core.verb:set package 'soccer' build argument 'cmake_args' from command line to 'None'
[0.541s] Level 5:colcon.colcon_core.verb:set package 'soccer' build argument 'cmake_target' from command line to 'None'
[0.541s] Level 5:colcon.colcon_core.verb:set package 'soccer' build argument 'cmake_target_skip_unavailable' from command line to 'False'
[0.541s] Level 5:colcon.colcon_core.verb:set package 'soccer' build argument 'cmake_clean_cache' from command line to 'False'
[0.541s] Level 5:colcon.colcon_core.verb:set package 'soccer' build argument 'cmake_clean_first' from command line to 'False'
[0.541s] Level 5:colcon.colcon_core.verb:set package 'soccer' build argument 'cmake_force_configure' from command line to 'False'
[0.541s] Level 5:colcon.colcon_core.verb:set package 'soccer' build argument 'ament_cmake_args' from command line to 'None'
[0.541s] Level 5:colcon.colcon_core.verb:set package 'soccer' build argument 'catkin_cmake_args' from command line to 'None'
[0.541s] Level 5:colcon.colcon_core.verb:set package 'soccer' build argument 'catkin_skip_building_tests' from command line to 'False'
[0.541s] DEBUG:colcon.colcon_core.verb:Building package 'soccer' with the following arguments: {'ament_cmake_args': None, 'build_base': '/home/talha/dev/carSoccer/build/soccer', 'catkin_cmake_args': None, 'catkin_skip_building_tests': False, 'cmake_args': None, 'cmake_clean_cache': False, 'cmake_clean_first': False, 'cmake_force_configure': False, 'cmake_target': None, 'cmake_target_skip_unavailable': False, 'install_base': '/home/talha/dev/carSoccer/install/soccer', 'merge_install': False, 'path': '/home/talha/dev/carSoccer/src/soccer', 'symlink_install': False, 'test_result_base': None}
[0.542s] INFO:colcon.colcon_core.executor:Executing jobs using 'parallel' executor
[0.546s] DEBUG:colcon.colcon_parallel_executor.executor.parallel:run_until_complete
[0.546s] INFO:colcon.colcon_ros.task.ament_python.build:Building ROS package in '/home/talha/dev/carSoccer/src/soccer' with build type 'ament_python'
[0.546s] Level 1:colcon.colcon_core.shell:create_environment_hook('soccer', 'ament_prefix_path')
[0.552s] INFO:colcon.colcon_core.plugin_system:Skipping extension 'colcon_core.shell.bat': Not used on non-Windows systems
[0.552s] INFO:colcon.colcon_core.shell:Creating environment hook '/home/talha/dev/carSoccer/install/soccer/share/soccer/hook/ament_prefix_path.ps1'
[0.553s] INFO:colcon.colcon_core.shell:Creating environment descriptor '/home/talha/dev/carSoccer/install/soccer/share/soccer/hook/ament_prefix_path.dsv'
[0.554s] INFO:colcon.colcon_core.shell:Creating environment hook '/home/talha/dev/carSoccer/install/soccer/share/soccer/hook/ament_prefix_path.sh'
[0.555s] INFO:colcon.colcon_core.shell:Skip shell extension 'powershell' for command environment: Not usable outside of PowerShell
[0.555s] DEBUG:colcon.colcon_core.shell:Skip shell extension 'dsv' for command environment
[0.896s] INFO:colcon.colcon_core.task.python.build:Building Python package in '/home/talha/dev/carSoccer/src/soccer'
[0.897s] INFO:colcon.colcon_core.shell:Skip shell extension 'powershell' for command environment: Not usable outside of PowerShell
[0.897s] DEBUG:colcon.colcon_core.shell:Skip shell extension 'dsv' for command environment
[1.302s] DEBUG:colcon.colcon_core.event_handler.log_command:Invoking command in '/home/talha/dev/carSoccer/src/soccer': CONDA_PROMPT_MODIFIER=(base) PYTHONPATH=/home/talha/dev/carSoccer/build/soccer/prefix_override:/home/talha/dev/carSoccer/install/soccer/lib/python3.10/site-packages:${PYTHONPATH} /usr/bin/python3 setup.py egg_info --egg-base ../../build/soccer build --build-base /home/talha/dev/carSoccer/build/soccer/build install --record /home/talha/dev/carSoccer/build/soccer/install.log --single-version-externally-managed
[1.669s] DEBUG:colcon.colcon_core.event_handler.log_command:Invoked command in '/home/talha/dev/carSoccer/src/soccer' returned '0': CONDA_PROMPT_MODIFIER=(base) PYTHONPATH=/home/talha/dev/carSoccer/build/soccer/prefix_override:/home/talha/dev/carSoccer/install/soccer/lib/python3.10/site-packages:${PYTHONPATH} /usr/bin/python3 setup.py egg_info --egg-base ../../build/soccer build --build-base /home/talha/dev/carSoccer/build/soccer/build install --record /home/talha/dev/carSoccer/build/soccer/install.log --single-version-externally-managed
[1.672s] Level 1:colcon.colcon_core.environment:checking '/home/talha/dev/carSoccer/install/soccer' for CMake module files
[1.673s] Level 1:colcon.colcon_core.environment:checking '/home/talha/dev/carSoccer/install/soccer' for CMake config files
[1.673s] Level 1:colcon.colcon_core.environment:checking '/home/talha/dev/carSoccer/install/soccer/lib'
[1.674s] Level 1:colcon.colcon_core.environment:checking '/home/talha/dev/carSoccer/install/soccer/bin'
[1.674s] Level 1:colcon.colcon_core.environment:checking '/home/talha/dev/carSoccer/install/soccer/lib/pkgconfig/soccer.pc'
[1.674s] Level 1:colcon.colcon_core.environment:checking '/home/talha/dev/carSoccer/install/soccer/lib/python3.10/site-packages'
[1.674s] Level 1:colcon.colcon_core.shell:create_environment_hook('soccer', 'pythonpath')
[1.676s] INFO:colcon.colcon_core.shell:Creating environment hook '/home/talha/dev/carSoccer/install/soccer/share/soccer/hook/pythonpath.ps1'
[1.676s] INFO:colcon.colcon_core.shell:Creating environment descriptor '/home/talha/dev/carSoccer/install/soccer/share/soccer/hook/pythonpath.dsv'
[1.677s] INFO:colcon.colcon_core.shell:Creating environment hook '/home/talha/dev/carSoccer/install/soccer/share/soccer/hook/pythonpath.sh'
[1.678s] Level 1:colcon.colcon_core.environment:checking '/home/talha/dev/carSoccer/install/soccer/bin'
[1.678s] Level 1:colcon.colcon_core.environment:create_environment_scripts_only(soccer)
[1.680s] INFO:colcon.colcon_core.shell:Creating package script '/home/talha/dev/carSoccer/install/soccer/share/soccer/package.ps1'
[1.682s] INFO:colcon.colcon_core.shell:Creating package descriptor '/home/talha/dev/carSoccer/install/soccer/share/soccer/package.dsv'
[1.682s] INFO:colcon.colcon_core.shell:Creating package script '/home/talha/dev/carSoccer/install/soccer/share/soccer/package.sh'
[1.683s] INFO:colcon.colcon_core.shell:Creating package script '/home/talha/dev/carSoccer/install/soccer/share/soccer/package.bash'
[1.684s] INFO:colcon.colcon_core.shell:Creating package script '/home/talha/dev/carSoccer/install/soccer/share/soccer/package.zsh'
[1.684s] Level 1:colcon.colcon_core.environment:create_file_with_runtime_dependencies(/home/talha/dev/carSoccer/install/soccer/share/colcon-core/packages/soccer)
[1.685s] DEBUG:colcon.colcon_parallel_executor.executor.parallel:closing loop
[1.685s] DEBUG:colcon.colcon_parallel_executor.executor.parallel:loop closed
[1.686s] DEBUG:colcon.colcon_parallel_executor.executor.parallel:run_until_complete finished with '0'
[1.686s] DEBUG:colcon.colcon_core.event_reactor:joining thread
[1.696s] INFO:colcon.colcon_core.plugin_system:Skipping extension 'colcon_notification.desktop_notification.terminal_notifier': Not used on non-Darwin systems
[1.696s] INFO:colcon.colcon_core.plugin_system:Skipping extension 'colcon_notification.desktop_notification.win32': Not used on non-Windows systems
[1.696s] INFO:colcon.colcon_notification.desktop_notification:Sending desktop notification using 'notify2'
[1.711s] DEBUG:colcon.colcon_core.event_reactor:joined thread
[1.714s] INFO:colcon.colcon_core.shell:Creating prefix script '/home/talha/dev/carSoccer/install/local_setup.ps1'
[1.716s] INFO:colcon.colcon_core.shell:Creating prefix util module '/home/talha/dev/carSoccer/install/_local_setup_util_ps1.py'
[1.718s] INFO:colcon.colcon_core.shell:Creating prefix chain script '/home/talha/dev/carSoccer/install/setup.ps1'
[1.720s] INFO:colcon.colcon_core.shell:Creating prefix script '/home/talha/dev/carSoccer/install/local_setup.sh'
[1.721s] INFO:colcon.colcon_core.shell:Creating prefix util module '/home/talha/dev/carSoccer/install/_local_setup_util_sh.py'
[1.722s] INFO:colcon.colcon_core.shell:Creating prefix chain script '/home/talha/dev/carSoccer/install/setup.sh'
[1.725s] INFO:colcon.colcon_core.shell:Creating prefix script '/home/talha/dev/carSoccer/install/local_setup.bash'
[1.726s] INFO:colcon.colcon_core.shell:Creating prefix chain script '/home/talha/dev/carSoccer/install/setup.bash'
[1.727s] INFO:colcon.colcon_core.shell:Creating prefix script '/home/talha/dev/carSoccer/install/local_setup.zsh'
[1.728s] INFO:colcon.colcon_core.shell:Creating prefix chain script '/home/talha/dev/carSoccer/install/setup.zsh'
